<?xml version="1.0" encoding="UTF-8"?>
<!-- Generated by org.testng.reporters.JUnitReportReporter -->
<testsuite hostname="Sonaji" failures="0" tests="3" name="Test.com.HomeTest" time="21.113" errors="0" timestamp="2024-07-11T19:49:50 IST" skipped="0">
  <testcase classname="Test.com.HomeTest" name="verifyFormFieldDropdown" time="5.586"/>
  <system-out/>
  <testcase classname="Test.com.HomeTest" name="getDataInExcelAndComapreSheetData" time="12.372"/>
  <system-out/>
  <testcase classname="Test.com.HomeTest" name="selectFutureDateFromCalender" time="3.155"/>
  <system-out/>
</testsuite> <!-- Test.com.HomeTest -->
