<?xml version="1.0" encoding="UTF-8"?>
<!-- Generated by org.testng.reporters.JUnitReportReporter -->
<testsuite hostname="Sonaji" failures="0" tests="1" name="Test.com.AddDataIntoExcel" time="0.627" errors="0" timestamp="2024-07-07T23:16:57 IST" skipped="0">
  <testcase classname="Test.com.AddDataIntoExcel" name="selectFutureDate" time="0.627"/>
  <system-out/>
</testsuite> <!-- Test.com.AddDataIntoExcel -->
