<?xml version="1.0" encoding="UTF-8"?>
<!-- Generated by org.testng.reporters.JUnitReportReporter -->
<testsuite hostname="Sonaji" failures="0" tests="5" name="com.test.TC_1" time="67.483" errors="0" timestamp="2024-04-05T02:24:12 IST" skipped="0">
  <testcase classname="com.test.TC_1" name="testProductSearch" time="3.987"/>
  <system-out/>
  <testcase classname="com.test.TC_1" name="filteringTheSearchResults" time="18.410"/>
  <system-out/>
  <testcase classname="com.test.TC_1" name="addingProductToTheShoppingCart" time="26.950"/>
  <system-out/>
  <testcase classname="com.test.TC_1" name="proceedingToCheckout" time="7.328"/>
  <system-out/>
  <testcase classname="com.test.TC_1" name="fillingOutTheCheckoutForm" time="10.808"/>
  <system-out/>
</testsuite> <!-- com.test.TC_1 -->
