<?xml version="1.0" encoding="UTF-8"?>
<!-- Generated by org.testng.reporters.JUnitReportReporter -->
<testsuite hostname="Sonaji" failures="0" tests="1" name="Test.com.ExcelDataComparisonDEMO1" time="1.858" errors="0" timestamp="2024-07-07T14:29:07 IST" skipped="0">
  <testcase classname="Test.com.ExcelDataComparisonDEMO1" name="readExcelDataFromSheet1" time="1.858"/>
  <system-out/>
</testsuite> <!-- Test.com.ExcelDataComparisonDEMO1 -->
